<?xml version="1.0" encoding="UTF-8"?>
<!-- Generated by org.testng.reporters.JUnitXMLReporter -->
<testsuite hostname="LAPTOP-NQ28SJGQ" ignored="0" name="Test1" tests="3" failures="0" timestamp="2021-08-14T23:49:15 IST" time="28.824" errors="0">
  <testcase name="verifyPageTitle" time="0.08" classname="com.bookkeeper.testCases.HomepageTest"/>
  <testcase name="verifyDropdownOptionsDisplayed" time="0.286" classname="com.bookkeeper.testCases.HomepageTest"/>
  <testcase name="verifyAllDropdownOptionsDisplayed" time="0.061" classname="com.bookkeeper.testCases.HomepageTest"/>
</testsuite> <!-- Test1 -->
