<?xml version="1.0" encoding="UTF-8"?>
<!-- Generated by org.testng.reporters.JUnitXMLReporter -->
<testsuite hostname="LAPTOP-NQ28SJGQ" ignored="11" name="Test1" tests="12" failures="0" timestamp="2021-08-18T23:02:19 IST" time="169.804" errors="0">
  <testcase name="verifyPageTitle" time="0.068" classname="com.bookkeeper.testCases.HomepageTest"/>
  <testcase name="verifyDropdownOptionsDisplayed" time="0.306" classname="com.bookkeeper.testCases.HomepageTest"/>
  <testcase name="verifyAllDropdownOptionsDisplayed" time="0.065" classname="com.bookkeeper.testCases.HomepageTest"/>
  <testcase name="verifyPageTitle" time="0.042" classname="com.bookkeeper.testCases.RegisterTest"/>
  <testcase name="verifyPageTitle" time="0.036" classname="com.bookkeeper.testCases.LoginTest"/>
  <testcase name="verifyAvailableRoles" time="22.771" classname="com.bookkeeper.testCases.BookkeeperDashboardTest"/>
  <testcase name="verifyLogOut" time="0.331" classname="com.bookkeeper.testCases.BookkeeperDashboardTest"/>
  <testcase name="verifySideNavOptions" time="1.809" classname="com.bookkeeper.testCases.CustomerDashboardTest"/>
  <testcase name="verifyUserIsAbleToNavigateToInvoices" time="1.276" classname="com.bookkeeper.testCases.CustomerDashboardTest"/>
  <testcase name="verifyUserIsAbleToNavigateToPayments" time="0.98" classname="com.bookkeeper.testCases.CustomerDashboardTest"/>
  <testcase name="verifySideNavOptions" time="2.687" classname="com.bookkeeper.testCases.ManagerDashboardTest"/>
  <testcase name="verifyUserIsAbleToNavigateToInvoices" time="0.348" classname="com.bookkeeper.testCases.ManagerDashboardTest"/>
  <testcase name="@AfterSuite endReport" time="0.0" classname="com.bookkeeper.testBase.TestBase">
    <ignored/>
  </testcase> <!-- @AfterSuite endReport -->
  <testcase name="@AfterSuite endReport" time="0.0" classname="com.bookkeeper.testBase.TestBase">
    <ignored/>
  </testcase> <!-- @AfterSuite endReport -->
  <testcase name="@AfterSuite endReport" time="0.0" classname="com.bookkeeper.testBase.TestBase">
    <ignored/>
  </testcase> <!-- @AfterSuite endReport -->
  <testcase name="@AfterSuite endReport" time="0.0" classname="com.bookkeeper.testBase.TestBase">
    <ignored/>
  </testcase> <!-- @AfterSuite endReport -->
  <testcase name="@AfterSuite endReport" time="0.0" classname="com.bookkeeper.testBase.TestBase">
    <ignored/>
  </testcase> <!-- @AfterSuite endReport -->
  <testcase name="verifyUserIsAbleToLoginToDashboard" time="0.0" classname="com.bookkeeper.testCases.BookkeeperDashboardTest">
    <ignored/>
  </testcase> <!-- verifyUserIsAbleToLoginToDashboard -->
  <testcase name="@BeforeSuite setLog4j" time="0.0" classname="com.bookkeeper.testBase.TestBase">
    <ignored/>
  </testcase> <!-- @BeforeSuite setLog4j -->
  <testcase name="@BeforeSuite setLog4j" time="0.0" classname="com.bookkeeper.testBase.TestBase">
    <ignored/>
  </testcase> <!-- @BeforeSuite setLog4j -->
  <testcase name="@BeforeSuite setLog4j" time="0.0" classname="com.bookkeeper.testBase.TestBase">
    <ignored/>
  </testcase> <!-- @BeforeSuite setLog4j -->
  <testcase name="@BeforeSuite setLog4j" time="0.0" classname="com.bookkeeper.testBase.TestBase">
    <ignored/>
  </testcase> <!-- @BeforeSuite setLog4j -->
  <testcase name="@BeforeSuite setLog4j" time="0.0" classname="com.bookkeeper.testBase.TestBase">
    <ignored/>
  </testcase> <!-- @BeforeSuite setLog4j -->
</testsuite> <!-- Test1 -->
