<?xml version="1.0" encoding="UTF-8"?>
<!-- Generated by org.testng.reporters.JUnitXMLReporter -->
<testsuite hostname="LAPTOP-NQ28SJGQ" ignored="1" name="Test2" tests="13" failures="0" timestamp="2021-08-14T23:51:01 IST" time="105.611" errors="0">
  <testcase name="verifyPageTitle" time="0.029" classname="com.bookkeeper.testCases.RegisterTest"/>
  <testcase name="verifyErrorOnBlankName" time="2.838" classname="com.bookkeeper.testCases.RegisterTest"/>
  <testcase name="verifyErrorOnBlankSpaceInName" time="2.19" classname="com.bookkeeper.testCases.RegisterTest"/>
  <testcase name="verifyErrorOnlyNumricInName" time="2.248" classname="com.bookkeeper.testCases.RegisterTest"/>
  <testcase name="verifyErrorOnBlankEmail" time="1.978" classname="com.bookkeeper.testCases.RegisterTest"/>
  <testcase name="verifyErrorOnBlankSpaceInEmail" time="2.156" classname="com.bookkeeper.testCases.RegisterTest"/>
  <testcase name="verifyErrorOnLessThenFiveCharPwd" time="0.727" classname="com.bookkeeper.testCases.RegisterTest"/>
  <testcase name="verifyErrorOnBlankPassword" time="2.018" classname="com.bookkeeper.testCases.RegisterTest"/>
  <testcase name="verifyErrorOnNumricPassword" time="0.774" classname="com.bookkeeper.testCases.RegisterTest"/>
  <testcase name="verifyErrorOnOnlyAlphabeticCharPassword" time="3.303" classname="com.bookkeeper.testCases.RegisterTest"/>
  <testcase name="verifyErrorOnOnlySplCharPassword" time="2.34" classname="com.bookkeeper.testCases.RegisterTest"/>
  <testcase name="verifyErrorOnUnagreedTerms" time="2.255" classname="com.bookkeeper.testCases.RegisterTest"/>
  <testcase name="verifyErrorOnTestName" time="2.174" classname="com.bookkeeper.testCases.RegisterTest"/>
  <testcase name="verifyErrorOnInvalidEmail" time="0.0" classname="com.bookkeeper.testCases.RegisterTest">
    <ignored/>
  </testcase> <!-- verifyErrorOnInvalidEmail -->
</testsuite> <!-- Test2 -->
