<?xml version="1.0" encoding="UTF-8"?>
<!-- Generated by org.testng.reporters.JUnitXMLReporter -->
<testsuite hostname="LAPTOP-NQ28SJGQ" ignored="1" name="Default test" tests="13" failures="0" timestamp="2021-08-14T22:52:41 IST" time="113.444" errors="0">
  <testcase name="verifyPageTitle" time="0.017" classname="com.bookkeeper.testCases.RegisterTest"/>
  <testcase name="verifyErrorOnBlankName" time="2.48" classname="com.bookkeeper.testCases.RegisterTest"/>
  <testcase name="verifyErrorOnBlankSpaceInName" time="2.386" classname="com.bookkeeper.testCases.RegisterTest"/>
  <testcase name="verifyErrorOnlyNumricInName" time="2.425" classname="com.bookkeeper.testCases.RegisterTest"/>
  <testcase name="verifyErrorOnBlankEmail" time="2.13" classname="com.bookkeeper.testCases.RegisterTest"/>
  <testcase name="verifyErrorOnBlankSpaceInEmail" time="2.379" classname="com.bookkeeper.testCases.RegisterTest"/>
  <testcase name="verifyErrorOnLessThenFiveCharPwd" time="0.699" classname="com.bookkeeper.testCases.RegisterTest"/>
  <testcase name="verifyErrorOnBlankPassword" time="2.384" classname="com.bookkeeper.testCases.RegisterTest"/>
  <testcase name="verifyErrorOnNumricPassword" time="2.487" classname="com.bookkeeper.testCases.RegisterTest"/>
  <testcase name="verifyErrorOnOnlyAlphabeticCharPassword" time="3.063" classname="com.bookkeeper.testCases.RegisterTest"/>
  <testcase name="verifyErrorOnOnlySplCharPassword" time="2.721" classname="com.bookkeeper.testCases.RegisterTest"/>
  <testcase name="verifyErrorOnUnagreedTerms" time="2.663" classname="com.bookkeeper.testCases.RegisterTest"/>
  <testcase name="verifyErrorOnTestName" time="2.64" classname="com.bookkeeper.testCases.RegisterTest"/>
  <testcase name="verifyErrorOnInvalidEmail" time="0.0" classname="com.bookkeeper.testCases.RegisterTest">
    <ignored/>
  </testcase> <!-- verifyErrorOnInvalidEmail -->
</testsuite> <!-- Default test -->
