<?xml version="1.0" encoding="UTF-8"?>
<testng-results skipped="0" failed="0" ignored="10" total="22" passed="12">
  <reporter-output>
  </reporter-output>
  <suite name="Tests" duration-ms="199369" started-at="2021-08-19T23:18:24 IST" finished-at="2021-08-19T23:21:43 IST">
    <groups>
    </groups>
    <test name="Test1" duration-ms="199369" started-at="2021-08-19T23:18:24 IST" finished-at="2021-08-19T23:21:43 IST">
      <class name="com.bookkeeper.testCases.RegisterTest">
        <test-method status="PASS" signature="setUp()[pri:0, instance:com.bookkeeper.testCases.RegisterTest@674c583e]" name="setUp" is-config="true" duration-ms="16640" started-at="2021-08-19T23:18:51 IST" finished-at="2021-08-19T23:19:07 IST">
          <reporter-output>
          </reporter-output>
        </test-method> <!-- setUp -->
        <test-method status="PASS" signature="verifyPageTitle(java.lang.reflect.Method)[pri:1, instance:com.bookkeeper.testCases.RegisterTest@674c583e]" name="verifyPageTitle" duration-ms="14" started-at="2021-08-19T23:19:07 IST" finished-at="2021-08-19T23:19:07 IST">
          <params>
            <param index="0">
              <value>
                <![CDATA[public void com.bookkeeper.testCases.RegisterTest.verifyPageTitle(java.lang.reflect.Method)]]>
              </value>
            </param>
          </params>
          <reporter-output>
          </reporter-output>
        </test-method> <!-- verifyPageTitle -->
        <test-method status="PASS" signature="tearDown(org.testng.ITestResult)[pri:0, instance:com.bookkeeper.testCases.RegisterTest@674c583e]" name="tearDown" is-config="true" duration-ms="5005" started-at="2021-08-19T23:19:07 IST" finished-at="2021-08-19T23:19:12 IST">
          <params>
            <param index="0">
              <value>
                <![CDATA[[TestResult name=verifyPageTitle status=SUCCESS method=RegisterTest.verifyPageTitle(java.lang.reflect.Method)[pri:1, instance:com.bookkeeper.testCases.RegisterTest@674c583e] output={null}]]]>
              </value>
            </param>
          </params>
          <reporter-output>
          </reporter-output>
        </test-method> <!-- tearDown -->
        <test-method status="PASS" signature="tearDown()[pri:0, instance:com.bookkeeper.testCases.RegisterTest@674c583e]" name="tearDown" is-config="true" duration-ms="739" started-at="2021-08-19T23:19:12 IST" finished-at="2021-08-19T23:19:13 IST">
          <reporter-output>
          </reporter-output>
        </test-method> <!-- tearDown -->
      </class> <!-- com.bookkeeper.testCases.RegisterTest -->
      <class name="com.bookkeeper.testCases.BookkeeperDashboardTest">
        <test-method status="PASS" signature="setUp()[pri:0, instance:com.bookkeeper.testCases.BookkeeperDashboardTest@3f23a3a0]" name="setUp" is-config="true" duration-ms="11091" started-at="2021-08-19T23:19:36 IST" finished-at="2021-08-19T23:19:47 IST">
          <reporter-output>
          </reporter-output>
        </test-method> <!-- setUp -->
        <test-method status="PASS" signature="verifyAvailableRoles(java.lang.reflect.Method)[pri:2, instance:com.bookkeeper.testCases.BookkeeperDashboardTest@3f23a3a0]" name="verifyAvailableRoles" duration-ms="37957" started-at="2021-08-19T23:19:47 IST" finished-at="2021-08-19T23:20:25 IST">
          <params>
            <param index="0">
              <value>
                <![CDATA[public void com.bookkeeper.testCases.BookkeeperDashboardTest.verifyAvailableRoles(java.lang.reflect.Method)]]>
              </value>
            </param>
          </params>
          <reporter-output>
          </reporter-output>
        </test-method> <!-- verifyAvailableRoles -->
        <test-method status="PASS" signature="tearDown(org.testng.ITestResult)[pri:0, instance:com.bookkeeper.testCases.BookkeeperDashboardTest@3f23a3a0]" name="tearDown" is-config="true" duration-ms="5015" started-at="2021-08-19T23:20:25 IST" finished-at="2021-08-19T23:20:30 IST">
          <params>
            <param index="0">
              <value>
                <![CDATA[[TestResult name=verifyAvailableRoles status=SUCCESS method=BookkeeperDashboardTest.verifyAvailableRoles(java.lang.reflect.Method)[pri:2, instance:com.bookkeeper.testCases.BookkeeperDashboardTest@3f23a3a0] output={null}]]]>
              </value>
            </param>
          </params>
          <reporter-output>
          </reporter-output>
        </test-method> <!-- tearDown -->
        <test-method status="PASS" signature="verifyLogOut(java.lang.reflect.Method)[pri:3, instance:com.bookkeeper.testCases.BookkeeperDashboardTest@3f23a3a0]" name="verifyLogOut" duration-ms="3426" started-at="2021-08-19T23:20:30 IST" finished-at="2021-08-19T23:20:33 IST">
          <params>
            <param index="0">
              <value>
                <![CDATA[public void com.bookkeeper.testCases.BookkeeperDashboardTest.verifyLogOut(java.lang.reflect.Method)]]>
              </value>
            </param>
          </params>
          <reporter-output>
          </reporter-output>
        </test-method> <!-- verifyLogOut -->
        <test-method status="PASS" signature="tearDown(org.testng.ITestResult)[pri:0, instance:com.bookkeeper.testCases.BookkeeperDashboardTest@3f23a3a0]" name="tearDown" is-config="true" duration-ms="5012" started-at="2021-08-19T23:20:33 IST" finished-at="2021-08-19T23:20:38 IST">
          <params>
            <param index="0">
              <value>
                <![CDATA[[TestResult name=verifyLogOut status=SUCCESS method=BookkeeperDashboardTest.verifyLogOut(java.lang.reflect.Method)[pri:3, instance:com.bookkeeper.testCases.BookkeeperDashboardTest@3f23a3a0] output={null}]]]>
              </value>
            </param>
          </params>
          <reporter-output>
          </reporter-output>
        </test-method> <!-- tearDown -->
        <test-method status="PASS" signature="tearDown()[pri:0, instance:com.bookkeeper.testCases.BookkeeperDashboardTest@3f23a3a0]" name="tearDown" is-config="true" duration-ms="738" started-at="2021-08-19T23:20:38 IST" finished-at="2021-08-19T23:20:39 IST">
          <reporter-output>
          </reporter-output>
        </test-method> <!-- tearDown -->
      </class> <!-- com.bookkeeper.testCases.BookkeeperDashboardTest -->
      <class name="com.bookkeeper.testCases.ManagerDashboardTest">
        <test-method status="PASS" signature="setUp()[pri:0, instance:com.bookkeeper.testCases.ManagerDashboardTest@5fb97279]" name="setUp" is-config="true" duration-ms="6890" started-at="2021-08-19T23:21:16 IST" finished-at="2021-08-19T23:21:23 IST">
          <reporter-output>
          </reporter-output>
        </test-method> <!-- setUp -->
        <test-method status="PASS" signature="verifySideNavOptions(java.lang.reflect.Method)[pri:1, instance:com.bookkeeper.testCases.ManagerDashboardTest@5fb97279]" name="verifySideNavOptions" duration-ms="6335" started-at="2021-08-19T23:21:23 IST" finished-at="2021-08-19T23:21:29 IST">
          <params>
            <param index="0">
              <value>
                <![CDATA[public void com.bookkeeper.testCases.ManagerDashboardTest.verifySideNavOptions(java.lang.reflect.Method)]]>
              </value>
            </param>
          </params>
          <reporter-output>
          </reporter-output>
        </test-method> <!-- verifySideNavOptions -->
        <test-method status="PASS" signature="tearDown(org.testng.ITestResult)[pri:0, instance:com.bookkeeper.testCases.ManagerDashboardTest@5fb97279]" name="tearDown" is-config="true" duration-ms="5013" started-at="2021-08-19T23:21:29 IST" finished-at="2021-08-19T23:21:34 IST">
          <params>
            <param index="0">
              <value>
                <![CDATA[[TestResult name=verifySideNavOptions status=SUCCESS method=ManagerDashboardTest.verifySideNavOptions(java.lang.reflect.Method)[pri:1, instance:com.bookkeeper.testCases.ManagerDashboardTest@5fb97279] output={null}]]]>
              </value>
            </param>
          </params>
          <reporter-output>
          </reporter-output>
        </test-method> <!-- tearDown -->
        <test-method status="PASS" signature="verifyUserIsAbleToPerformLogout(java.lang.reflect.Method)[pri:2, instance:com.bookkeeper.testCases.ManagerDashboardTest@5fb97279]" name="verifyUserIsAbleToPerformLogout" duration-ms="3392" started-at="2021-08-19T23:21:34 IST" finished-at="2021-08-19T23:21:38 IST">
          <params>
            <param index="0">
              <value>
                <![CDATA[public void com.bookkeeper.testCases.ManagerDashboardTest.verifyUserIsAbleToPerformLogout(java.lang.reflect.Method)]]>
              </value>
            </param>
          </params>
          <reporter-output>
          </reporter-output>
        </test-method> <!-- verifyUserIsAbleToPerformLogout -->
        <test-method status="PASS" signature="tearDown(org.testng.ITestResult)[pri:0, instance:com.bookkeeper.testCases.ManagerDashboardTest@5fb97279]" name="tearDown" is-config="true" duration-ms="5006" started-at="2021-08-19T23:21:38 IST" finished-at="2021-08-19T23:21:43 IST">
          <params>
            <param index="0">
              <value>
                <![CDATA[[TestResult name=verifyUserIsAbleToPerformLogout status=SUCCESS method=ManagerDashboardTest.verifyUserIsAbleToPerformLogout(java.lang.reflect.Method)[pri:2, instance:com.bookkeeper.testCases.ManagerDashboardTest@5fb97279] output={null}]]]>
              </value>
            </param>
          </params>
          <reporter-output>
          </reporter-output>
        </test-method> <!-- tearDown -->
        <test-method status="PASS" signature="tearDown()[pri:0, instance:com.bookkeeper.testCases.ManagerDashboardTest@5fb97279]" name="tearDown" is-config="true" duration-ms="702" started-at="2021-08-19T23:21:43 IST" finished-at="2021-08-19T23:21:43 IST">
          <reporter-output>
          </reporter-output>
        </test-method> <!-- tearDown -->
      </class> <!-- com.bookkeeper.testCases.ManagerDashboardTest -->
      <class name="com.bookkeeper.testCases.HomepageTest">
        <test-method status="PASS" signature="setLog4j()[pri:0, instance:com.bookkeeper.testCases.HomepageTest@10c8f62]" name="setLog4j" is-config="true" duration-ms="301" started-at="2021-08-19T23:18:24 IST" finished-at="2021-08-19T23:18:24 IST">
          <reporter-output>
          </reporter-output>
        </test-method> <!-- setLog4j -->
        <test-method status="PASS" signature="setUp()[pri:0, instance:com.bookkeeper.testCases.HomepageTest@10c8f62]" name="setUp" is-config="true" duration-ms="10195" started-at="2021-08-19T23:18:24 IST" finished-at="2021-08-19T23:18:34 IST">
          <reporter-output>
          </reporter-output>
        </test-method> <!-- setUp -->
        <test-method status="PASS" signature="verifyPageTitle(java.lang.reflect.Method)[pri:1, instance:com.bookkeeper.testCases.HomepageTest@10c8f62]" name="verifyPageTitle" duration-ms="74" started-at="2021-08-19T23:18:34 IST" finished-at="2021-08-19T23:18:34 IST">
          <params>
            <param index="0">
              <value>
                <![CDATA[public void com.bookkeeper.testCases.HomepageTest.verifyPageTitle(java.lang.reflect.Method)]]>
              </value>
            </param>
          </params>
          <reporter-output>
          </reporter-output>
        </test-method> <!-- verifyPageTitle -->
        <test-method status="PASS" signature="tearDown(org.testng.ITestResult)[pri:0, instance:com.bookkeeper.testCases.HomepageTest@10c8f62]" name="tearDown" is-config="true" duration-ms="5010" started-at="2021-08-19T23:18:34 IST" finished-at="2021-08-19T23:18:40 IST">
          <params>
            <param index="0">
              <value>
                <![CDATA[[TestResult name=verifyPageTitle status=SUCCESS method=HomepageTest.verifyPageTitle(java.lang.reflect.Method)[pri:1, instance:com.bookkeeper.testCases.HomepageTest@10c8f62] output={null}]]]>
              </value>
            </param>
          </params>
          <reporter-output>
          </reporter-output>
        </test-method> <!-- tearDown -->
        <test-method status="PASS" signature="verifyDropdownOptionsDisplayed(java.lang.reflect.Method)[pri:2, instance:com.bookkeeper.testCases.HomepageTest@10c8f62]" name="verifyDropdownOptionsDisplayed" duration-ms="282" started-at="2021-08-19T23:18:40 IST" finished-at="2021-08-19T23:18:40 IST">
          <params>
            <param index="0">
              <value>
                <![CDATA[public void com.bookkeeper.testCases.HomepageTest.verifyDropdownOptionsDisplayed(java.lang.reflect.Method)]]>
              </value>
            </param>
          </params>
          <reporter-output>
          </reporter-output>
        </test-method> <!-- verifyDropdownOptionsDisplayed -->
        <test-method status="PASS" signature="tearDown(org.testng.ITestResult)[pri:0, instance:com.bookkeeper.testCases.HomepageTest@10c8f62]" name="tearDown" is-config="true" duration-ms="5004" started-at="2021-08-19T23:18:40 IST" finished-at="2021-08-19T23:18:45 IST">
          <params>
            <param index="0">
              <value>
                <![CDATA[[TestResult name=verifyDropdownOptionsDisplayed status=SUCCESS method=HomepageTest.verifyDropdownOptionsDisplayed(java.lang.reflect.Method)[pri:2, instance:com.bookkeeper.testCases.HomepageTest@10c8f62] output={null}]]]>
              </value>
            </param>
          </params>
          <reporter-output>
          </reporter-output>
        </test-method> <!-- tearDown -->
        <test-method status="PASS" signature="verifyAllDropdownOptionsDisplayed(java.lang.reflect.Method)[pri:3, instance:com.bookkeeper.testCases.HomepageTest@10c8f62]" name="verifyAllDropdownOptionsDisplayed" duration-ms="63" started-at="2021-08-19T23:18:45 IST" finished-at="2021-08-19T23:18:45 IST">
          <params>
            <param index="0">
              <value>
                <![CDATA[public void com.bookkeeper.testCases.HomepageTest.verifyAllDropdownOptionsDisplayed(java.lang.reflect.Method)]]>
              </value>
            </param>
          </params>
          <reporter-output>
          </reporter-output>
        </test-method> <!-- verifyAllDropdownOptionsDisplayed -->
        <test-method status="PASS" signature="tearDown(org.testng.ITestResult)[pri:0, instance:com.bookkeeper.testCases.HomepageTest@10c8f62]" name="tearDown" is-config="true" duration-ms="5010" started-at="2021-08-19T23:18:45 IST" finished-at="2021-08-19T23:18:50 IST">
          <params>
            <param index="0">
              <value>
                <![CDATA[[TestResult name=verifyAllDropdownOptionsDisplayed status=SUCCESS method=HomepageTest.verifyAllDropdownOptionsDisplayed(java.lang.reflect.Method)[pri:3, instance:com.bookkeeper.testCases.HomepageTest@10c8f62] output={null}]]]>
              </value>
            </param>
          </params>
          <reporter-output>
          </reporter-output>
        </test-method> <!-- tearDown -->
        <test-method status="PASS" signature="tearDown()[pri:0, instance:com.bookkeeper.testCases.HomepageTest@10c8f62]" name="tearDown" is-config="true" duration-ms="795" started-at="2021-08-19T23:18:50 IST" finished-at="2021-08-19T23:18:51 IST">
          <reporter-output>
          </reporter-output>
        </test-method> <!-- tearDown -->
        <test-method status="PASS" signature="endReport()[pri:0, instance:com.bookkeeper.testCases.HomepageTest@10c8f62]" name="endReport" is-config="true" duration-ms="466" started-at="2021-08-19T23:21:43 IST" finished-at="2021-08-19T23:21:44 IST">
          <reporter-output>
          </reporter-output>
        </test-method> <!-- endReport -->
      </class> <!-- com.bookkeeper.testCases.HomepageTest -->
      <class name="com.bookkeeper.testCases.CustomerDashboardTest">
        <test-method status="PASS" signature="setUp()[pri:0, instance:com.bookkeeper.testCases.CustomerDashboardTest@5ab14cb9]" name="setUp" is-config="true" duration-ms="6005" started-at="2021-08-19T23:20:39 IST" finished-at="2021-08-19T23:20:45 IST">
          <reporter-output>
          </reporter-output>
        </test-method> <!-- setUp -->
        <test-method status="PASS" signature="verifySideNavOptions(java.lang.reflect.Method)[pri:1, instance:com.bookkeeper.testCases.CustomerDashboardTest@5ab14cb9]" name="verifySideNavOptions" duration-ms="6012" started-at="2021-08-19T23:20:45 IST" finished-at="2021-08-19T23:20:51 IST">
          <params>
            <param index="0">
              <value>
                <![CDATA[public void com.bookkeeper.testCases.CustomerDashboardTest.verifySideNavOptions(java.lang.reflect.Method)]]>
              </value>
            </param>
          </params>
          <reporter-output>
          </reporter-output>
        </test-method> <!-- verifySideNavOptions -->
        <test-method status="PASS" signature="tearDown(org.testng.ITestResult)[pri:0, instance:com.bookkeeper.testCases.CustomerDashboardTest@5ab14cb9]" name="tearDown" is-config="true" duration-ms="5014" started-at="2021-08-19T23:20:51 IST" finished-at="2021-08-19T23:20:56 IST">
          <params>
            <param index="0">
              <value>
                <![CDATA[[TestResult name=verifySideNavOptions status=SUCCESS method=CustomerDashboardTest.verifySideNavOptions(java.lang.reflect.Method)[pri:1, instance:com.bookkeeper.testCases.CustomerDashboardTest@5ab14cb9] output={null}]]]>
              </value>
            </param>
          </params>
          <reporter-output>
          </reporter-output>
        </test-method> <!-- tearDown -->
        <test-method status="PASS" signature="verifyUserIsAbleToNavigateToInvoices(java.lang.reflect.Method)[pri:2, instance:com.bookkeeper.testCases.CustomerDashboardTest@5ab14cb9]" name="verifyUserIsAbleToNavigateToInvoices" duration-ms="2847" started-at="2021-08-19T23:20:56 IST" finished-at="2021-08-19T23:20:59 IST">
          <params>
            <param index="0">
              <value>
                <![CDATA[public void com.bookkeeper.testCases.CustomerDashboardTest.verifyUserIsAbleToNavigateToInvoices(java.lang.reflect.Method)]]>
              </value>
            </param>
          </params>
          <reporter-output>
          </reporter-output>
        </test-method> <!-- verifyUserIsAbleToNavigateToInvoices -->
        <test-method status="PASS" signature="tearDown(org.testng.ITestResult)[pri:0, instance:com.bookkeeper.testCases.CustomerDashboardTest@5ab14cb9]" name="tearDown" is-config="true" duration-ms="5002" started-at="2021-08-19T23:20:59 IST" finished-at="2021-08-19T23:21:04 IST">
          <params>
            <param index="0">
              <value>
                <![CDATA[[TestResult name=verifyUserIsAbleToNavigateToInvoices status=SUCCESS method=CustomerDashboardTest.verifyUserIsAbleToNavigateToInvoices(java.lang.reflect.Method)[pri:2, instance:com.bookkeeper.testCases.CustomerDashboardTest@5ab14cb9] output={null}]]]>
              </value>
            </param>
          </params>
          <reporter-output>
          </reporter-output>
        </test-method> <!-- tearDown -->
        <test-method status="PASS" signature="verifyUserIsAbleToNavigateToPayments(java.lang.reflect.Method)[pri:3, instance:com.bookkeeper.testCases.CustomerDashboardTest@5ab14cb9]" name="verifyUserIsAbleToNavigateToPayments" duration-ms="6151" started-at="2021-08-19T23:21:04 IST" finished-at="2021-08-19T23:21:10 IST">
          <params>
            <param index="0">
              <value>
                <![CDATA[public void com.bookkeeper.testCases.CustomerDashboardTest.verifyUserIsAbleToNavigateToPayments(java.lang.reflect.Method)]]>
              </value>
            </param>
          </params>
          <reporter-output>
          </reporter-output>
        </test-method> <!-- verifyUserIsAbleToNavigateToPayments -->
        <test-method status="PASS" signature="tearDown(org.testng.ITestResult)[pri:0, instance:com.bookkeeper.testCases.CustomerDashboardTest@5ab14cb9]" name="tearDown" is-config="true" duration-ms="5013" started-at="2021-08-19T23:21:10 IST" finished-at="2021-08-19T23:21:15 IST">
          <params>
            <param index="0">
              <value>
                <![CDATA[[TestResult name=verifyUserIsAbleToNavigateToPayments status=SUCCESS method=CustomerDashboardTest.verifyUserIsAbleToNavigateToPayments(java.lang.reflect.Method)[pri:3, instance:com.bookkeeper.testCases.CustomerDashboardTest@5ab14cb9] output={null}]]]>
              </value>
            </param>
          </params>
          <reporter-output>
          </reporter-output>
        </test-method> <!-- tearDown -->
        <test-method status="PASS" signature="tearDown()[pri:0, instance:com.bookkeeper.testCases.CustomerDashboardTest@5ab14cb9]" name="tearDown" is-config="true" duration-ms="714" started-at="2021-08-19T23:21:15 IST" finished-at="2021-08-19T23:21:16 IST">
          <reporter-output>
          </reporter-output>
        </test-method> <!-- tearDown -->
      </class> <!-- com.bookkeeper.testCases.CustomerDashboardTest -->
      <class name="com.bookkeeper.testCases.LoginTest">
        <test-method status="PASS" signature="setUp()[pri:0, instance:com.bookkeeper.testCases.LoginTest@25f7391e]" name="setUp" is-config="true" duration-ms="17025" started-at="2021-08-19T23:19:13 IST" finished-at="2021-08-19T23:19:30 IST">
          <reporter-output>
          </reporter-output>
        </test-method> <!-- setUp -->
        <test-method status="PASS" signature="verifyPageTitle(java.lang.reflect.Method)[pri:1, instance:com.bookkeeper.testCases.LoginTest@25f7391e]" name="verifyPageTitle" duration-ms="10" started-at="2021-08-19T23:19:30 IST" finished-at="2021-08-19T23:19:30 IST">
          <params>
            <param index="0">
              <value>
                <![CDATA[public void com.bookkeeper.testCases.LoginTest.verifyPageTitle(java.lang.reflect.Method) throws java.lang.InterruptedException]]>
              </value>
            </param>
          </params>
          <reporter-output>
          </reporter-output>
        </test-method> <!-- verifyPageTitle -->
        <test-method status="PASS" signature="tearDown(org.testng.ITestResult)[pri:0, instance:com.bookkeeper.testCases.LoginTest@25f7391e]" name="tearDown" is-config="true" duration-ms="5005" started-at="2021-08-19T23:19:30 IST" finished-at="2021-08-19T23:19:35 IST">
          <params>
            <param index="0">
              <value>
                <![CDATA[[TestResult name=verifyPageTitle status=SUCCESS method=LoginTest.verifyPageTitle(java.lang.reflect.Method)[pri:1, instance:com.bookkeeper.testCases.LoginTest@25f7391e] output={null}]]]>
              </value>
            </param>
          </params>
          <reporter-output>
          </reporter-output>
        </test-method> <!-- tearDown -->
        <test-method status="PASS" signature="tearDown()[pri:0, instance:com.bookkeeper.testCases.LoginTest@25f7391e]" name="tearDown" is-config="true" duration-ms="779" started-at="2021-08-19T23:19:35 IST" finished-at="2021-08-19T23:19:36 IST">
          <reporter-output>
          </reporter-output>
        </test-method> <!-- tearDown -->
      </class> <!-- com.bookkeeper.testCases.LoginTest -->
    </test> <!-- Test1 -->
  </suite> <!-- Tests -->
</testng-results>
