<?xml version="1.0" encoding="UTF-8"?>
<testng-results skipped="0" failed="0" ignored="1" total="17" passed="16">
  <reporter-output>
  </reporter-output>
  <suite name="Tests" duration-ms="134469" started-at="2021-08-14T23:48:46 IST" finished-at="2021-08-14T23:51:01 IST">
    <groups>
    </groups>
    <test name="Test1" duration-ms="28824" started-at="2021-08-14T23:48:46 IST" finished-at="2021-08-14T23:49:15 IST">
      <class name="com.bookkeeper.testCases.HomepageTest">
        <test-method status="PASS" signature="setUp()[pri:0, instance:com.bookkeeper.testCases.HomepageTest@1ca25c47]" name="setUp" is-config="true" duration-ms="13062" started-at="2021-08-14T23:48:47 IST" finished-at="2021-08-14T23:49:00 IST">
          <reporter-output>
          </reporter-output>
        </test-method> <!-- setUp -->
        <test-method status="PASS" signature="verifyPageTitle(java.lang.reflect.Method)[pri:1, instance:com.bookkeeper.testCases.HomepageTest@1ca25c47]" name="verifyPageTitle" duration-ms="80" started-at="2021-08-14T23:49:00 IST" finished-at="2021-08-14T23:49:00 IST">
          <params>
            <param index="0">
              <value>
                <![CDATA[public void com.bookkeeper.testCases.HomepageTest.verifyPageTitle(java.lang.reflect.Method)]]>
              </value>
            </param>
          </params>
          <reporter-output>
          </reporter-output>
        </test-method> <!-- verifyPageTitle -->
        <test-method status="PASS" signature="tearDown(org.testng.ITestResult)[pri:0, instance:com.bookkeeper.testCases.HomepageTest@1ca25c47]" name="tearDown" is-config="true" duration-ms="5008" started-at="2021-08-14T23:49:00 IST" finished-at="2021-08-14T23:49:05 IST">
          <params>
            <param index="0">
              <value>
                <![CDATA[[TestResult name=verifyPageTitle status=SUCCESS method=HomepageTest.verifyPageTitle(java.lang.reflect.Method)[pri:1, instance:com.bookkeeper.testCases.HomepageTest@1ca25c47] output={null}]]]>
              </value>
            </param>
          </params>
          <reporter-output>
          </reporter-output>
        </test-method> <!-- tearDown -->
        <test-method status="PASS" signature="verifyDropdownOptionsDisplayed(java.lang.reflect.Method)[pri:2, instance:com.bookkeeper.testCases.HomepageTest@1ca25c47]" name="verifyDropdownOptionsDisplayed" duration-ms="286" started-at="2021-08-14T23:49:05 IST" finished-at="2021-08-14T23:49:05 IST">
          <params>
            <param index="0">
              <value>
                <![CDATA[public void com.bookkeeper.testCases.HomepageTest.verifyDropdownOptionsDisplayed(java.lang.reflect.Method)]]>
              </value>
            </param>
          </params>
          <reporter-output>
          </reporter-output>
        </test-method> <!-- verifyDropdownOptionsDisplayed -->
        <test-method status="PASS" signature="tearDown(org.testng.ITestResult)[pri:0, instance:com.bookkeeper.testCases.HomepageTest@1ca25c47]" name="tearDown" is-config="true" duration-ms="5008" started-at="2021-08-14T23:49:05 IST" finished-at="2021-08-14T23:49:10 IST">
          <params>
            <param index="0">
              <value>
                <![CDATA[[TestResult name=verifyDropdownOptionsDisplayed status=SUCCESS method=HomepageTest.verifyDropdownOptionsDisplayed(java.lang.reflect.Method)[pri:2, instance:com.bookkeeper.testCases.HomepageTest@1ca25c47] output={null}]]]>
              </value>
            </param>
          </params>
          <reporter-output>
          </reporter-output>
        </test-method> <!-- tearDown -->
        <test-method status="PASS" signature="verifyAllDropdownOptionsDisplayed(java.lang.reflect.Method)[pri:3, instance:com.bookkeeper.testCases.HomepageTest@1ca25c47]" name="verifyAllDropdownOptionsDisplayed" duration-ms="61" started-at="2021-08-14T23:49:10 IST" finished-at="2021-08-14T23:49:10 IST">
          <params>
            <param index="0">
              <value>
                <![CDATA[public void com.bookkeeper.testCases.HomepageTest.verifyAllDropdownOptionsDisplayed(java.lang.reflect.Method)]]>
              </value>
            </param>
          </params>
          <reporter-output>
          </reporter-output>
        </test-method> <!-- verifyAllDropdownOptionsDisplayed -->
        <test-method status="PASS" signature="tearDown(org.testng.ITestResult)[pri:0, instance:com.bookkeeper.testCases.HomepageTest@1ca25c47]" name="tearDown" is-config="true" duration-ms="5002" started-at="2021-08-14T23:49:10 IST" finished-at="2021-08-14T23:49:15 IST">
          <params>
            <param index="0">
              <value>
                <![CDATA[[TestResult name=verifyAllDropdownOptionsDisplayed status=SUCCESS method=HomepageTest.verifyAllDropdownOptionsDisplayed(java.lang.reflect.Method)[pri:3, instance:com.bookkeeper.testCases.HomepageTest@1ca25c47] output={null}]]]>
              </value>
            </param>
          </params>
          <reporter-output>
          </reporter-output>
        </test-method> <!-- tearDown -->
      </class> <!-- com.bookkeeper.testCases.HomepageTest -->
    </test> <!-- Test1 -->
    <test name="Test2" duration-ms="105611" started-at="2021-08-14T23:49:15 IST" finished-at="2021-08-14T23:51:01 IST">
      <class name="com.bookkeeper.testCases.RegisterTest">
        <test-method status="PASS" signature="setLog4j()[pri:0, instance:com.bookkeeper.testCases.RegisterTest@32cb636e]" name="setLog4j" is-config="true" duration-ms="325" started-at="2021-08-14T23:48:46 IST" finished-at="2021-08-14T23:48:46 IST">
          <reporter-output>
          </reporter-output>
        </test-method> <!-- setLog4j -->
        <test-method status="PASS" signature="setUp()[pri:0, instance:com.bookkeeper.testCases.RegisterTest@32cb636e]" name="setUp" is-config="true" duration-ms="14867" started-at="2021-08-14T23:49:15 IST" finished-at="2021-08-14T23:49:30 IST">
          <reporter-output>
          </reporter-output>
        </test-method> <!-- setUp -->
        <test-method status="PASS" signature="verifyPageTitle(java.lang.reflect.Method)[pri:1, instance:com.bookkeeper.testCases.RegisterTest@32cb636e]" name="verifyPageTitle" duration-ms="29" started-at="2021-08-14T23:49:30 IST" finished-at="2021-08-14T23:49:30 IST">
          <params>
            <param index="0">
              <value>
                <![CDATA[public void com.bookkeeper.testCases.RegisterTest.verifyPageTitle(java.lang.reflect.Method)]]>
              </value>
            </param>
          </params>
          <reporter-output>
          </reporter-output>
        </test-method> <!-- verifyPageTitle -->
        <test-method status="PASS" signature="tearDown(org.testng.ITestResult)[pri:0, instance:com.bookkeeper.testCases.RegisterTest@32cb636e]" name="tearDown" is-config="true" duration-ms="5015" started-at="2021-08-14T23:49:30 IST" finished-at="2021-08-14T23:49:35 IST">
          <params>
            <param index="0">
              <value>
                <![CDATA[[TestResult name=verifyPageTitle status=SUCCESS method=RegisterTest.verifyPageTitle(java.lang.reflect.Method)[pri:1, instance:com.bookkeeper.testCases.RegisterTest@32cb636e] output={null}]]]>
              </value>
            </param>
          </params>
          <reporter-output>
          </reporter-output>
        </test-method> <!-- tearDown -->
        <test-method status="PASS" signature="verifyErrorOnBlankName(java.lang.reflect.Method)[pri:2, instance:com.bookkeeper.testCases.RegisterTest@32cb636e]" name="verifyErrorOnBlankName" duration-ms="2838" started-at="2021-08-14T23:49:35 IST" finished-at="2021-08-14T23:49:38 IST">
          <params>
            <param index="0">
              <value>
                <![CDATA[public void com.bookkeeper.testCases.RegisterTest.verifyErrorOnBlankName(java.lang.reflect.Method)]]>
              </value>
            </param>
          </params>
          <reporter-output>
          </reporter-output>
        </test-method> <!-- verifyErrorOnBlankName -->
        <test-method status="PASS" signature="tearDown(org.testng.ITestResult)[pri:0, instance:com.bookkeeper.testCases.RegisterTest@32cb636e]" name="tearDown" is-config="true" duration-ms="5009" started-at="2021-08-14T23:49:38 IST" finished-at="2021-08-14T23:49:43 IST">
          <params>
            <param index="0">
              <value>
                <![CDATA[[TestResult name=verifyErrorOnBlankName status=SUCCESS method=RegisterTest.verifyErrorOnBlankName(java.lang.reflect.Method)[pri:2, instance:com.bookkeeper.testCases.RegisterTest@32cb636e] output={null}]]]>
              </value>
            </param>
          </params>
          <reporter-output>
          </reporter-output>
        </test-method> <!-- tearDown -->
        <test-method status="PASS" signature="verifyErrorOnBlankSpaceInName(java.lang.reflect.Method)[pri:3, instance:com.bookkeeper.testCases.RegisterTest@32cb636e]" name="verifyErrorOnBlankSpaceInName" duration-ms="2190" started-at="2021-08-14T23:49:43 IST" finished-at="2021-08-14T23:49:45 IST">
          <params>
            <param index="0">
              <value>
                <![CDATA[public void com.bookkeeper.testCases.RegisterTest.verifyErrorOnBlankSpaceInName(java.lang.reflect.Method)]]>
              </value>
            </param>
          </params>
          <reporter-output>
          </reporter-output>
        </test-method> <!-- verifyErrorOnBlankSpaceInName -->
        <test-method status="PASS" signature="tearDown(org.testng.ITestResult)[pri:0, instance:com.bookkeeper.testCases.RegisterTest@32cb636e]" name="tearDown" is-config="true" duration-ms="5011" started-at="2021-08-14T23:49:45 IST" finished-at="2021-08-14T23:49:51 IST">
          <params>
            <param index="0">
              <value>
                <![CDATA[[TestResult name=verifyErrorOnBlankSpaceInName status=SUCCESS method=RegisterTest.verifyErrorOnBlankSpaceInName(java.lang.reflect.Method)[pri:3, instance:com.bookkeeper.testCases.RegisterTest@32cb636e] output={null}]]]>
              </value>
            </param>
          </params>
          <reporter-output>
          </reporter-output>
        </test-method> <!-- tearDown -->
        <test-method status="PASS" signature="verifyErrorOnlyNumricInName(java.lang.reflect.Method)[pri:4, instance:com.bookkeeper.testCases.RegisterTest@32cb636e]" name="verifyErrorOnlyNumricInName" duration-ms="2248" started-at="2021-08-14T23:49:51 IST" finished-at="2021-08-14T23:49:53 IST">
          <params>
            <param index="0">
              <value>
                <![CDATA[public void com.bookkeeper.testCases.RegisterTest.verifyErrorOnlyNumricInName(java.lang.reflect.Method)]]>
              </value>
            </param>
          </params>
          <reporter-output>
          </reporter-output>
        </test-method> <!-- verifyErrorOnlyNumricInName -->
        <test-method status="PASS" signature="tearDown(org.testng.ITestResult)[pri:0, instance:com.bookkeeper.testCases.RegisterTest@32cb636e]" name="tearDown" is-config="true" duration-ms="5004" started-at="2021-08-14T23:49:53 IST" finished-at="2021-08-14T23:49:58 IST">
          <params>
            <param index="0">
              <value>
                <![CDATA[[TestResult name=verifyErrorOnlyNumricInName status=SUCCESS method=RegisterTest.verifyErrorOnlyNumricInName(java.lang.reflect.Method)[pri:4, instance:com.bookkeeper.testCases.RegisterTest@32cb636e] output={null}]]]>
              </value>
            </param>
          </params>
          <reporter-output>
          </reporter-output>
        </test-method> <!-- tearDown -->
        <test-method status="PASS" signature="verifyErrorOnBlankEmail(java.lang.reflect.Method)[pri:5, instance:com.bookkeeper.testCases.RegisterTest@32cb636e]" name="verifyErrorOnBlankEmail" duration-ms="1978" started-at="2021-08-14T23:49:58 IST" finished-at="2021-08-14T23:50:00 IST">
          <params>
            <param index="0">
              <value>
                <![CDATA[public void com.bookkeeper.testCases.RegisterTest.verifyErrorOnBlankEmail(java.lang.reflect.Method)]]>
              </value>
            </param>
          </params>
          <reporter-output>
          </reporter-output>
        </test-method> <!-- verifyErrorOnBlankEmail -->
        <test-method status="PASS" signature="tearDown(org.testng.ITestResult)[pri:0, instance:com.bookkeeper.testCases.RegisterTest@32cb636e]" name="tearDown" is-config="true" duration-ms="5012" started-at="2021-08-14T23:50:00 IST" finished-at="2021-08-14T23:50:05 IST">
          <params>
            <param index="0">
              <value>
                <![CDATA[[TestResult name=verifyErrorOnBlankEmail status=SUCCESS method=RegisterTest.verifyErrorOnBlankEmail(java.lang.reflect.Method)[pri:5, instance:com.bookkeeper.testCases.RegisterTest@32cb636e] output={null}]]]>
              </value>
            </param>
          </params>
          <reporter-output>
          </reporter-output>
        </test-method> <!-- tearDown -->
        <test-method status="PASS" signature="verifyErrorOnBlankSpaceInEmail(java.lang.reflect.Method)[pri:6, instance:com.bookkeeper.testCases.RegisterTest@32cb636e]" name="verifyErrorOnBlankSpaceInEmail" duration-ms="2156" started-at="2021-08-14T23:50:05 IST" finished-at="2021-08-14T23:50:07 IST">
          <params>
            <param index="0">
              <value>
                <![CDATA[public void com.bookkeeper.testCases.RegisterTest.verifyErrorOnBlankSpaceInEmail(java.lang.reflect.Method)]]>
              </value>
            </param>
          </params>
          <reporter-output>
          </reporter-output>
        </test-method> <!-- verifyErrorOnBlankSpaceInEmail -->
        <test-method status="PASS" signature="tearDown(org.testng.ITestResult)[pri:0, instance:com.bookkeeper.testCases.RegisterTest@32cb636e]" name="tearDown" is-config="true" duration-ms="5007" started-at="2021-08-14T23:50:07 IST" finished-at="2021-08-14T23:50:12 IST">
          <params>
            <param index="0">
              <value>
                <![CDATA[[TestResult name=verifyErrorOnBlankSpaceInEmail status=SUCCESS method=RegisterTest.verifyErrorOnBlankSpaceInEmail(java.lang.reflect.Method)[pri:6, instance:com.bookkeeper.testCases.RegisterTest@32cb636e] output={null}]]]>
              </value>
            </param>
          </params>
          <reporter-output>
          </reporter-output>
        </test-method> <!-- tearDown -->
        <test-method status="PASS" signature="verifyErrorOnLessThenFiveCharPwd(java.lang.reflect.Method)[pri:8, instance:com.bookkeeper.testCases.RegisterTest@32cb636e]" name="verifyErrorOnLessThenFiveCharPwd" duration-ms="727" started-at="2021-08-14T23:50:12 IST" finished-at="2021-08-14T23:50:13 IST">
          <params>
            <param index="0">
              <value>
                <![CDATA[public void com.bookkeeper.testCases.RegisterTest.verifyErrorOnLessThenFiveCharPwd(java.lang.reflect.Method)]]>
              </value>
            </param>
          </params>
          <reporter-output>
          </reporter-output>
        </test-method> <!-- verifyErrorOnLessThenFiveCharPwd -->
        <test-method status="PASS" signature="tearDown(org.testng.ITestResult)[pri:0, instance:com.bookkeeper.testCases.RegisterTest@32cb636e]" name="tearDown" is-config="true" duration-ms="5009" started-at="2021-08-14T23:50:13 IST" finished-at="2021-08-14T23:50:18 IST">
          <params>
            <param index="0">
              <value>
                <![CDATA[[TestResult name=verifyErrorOnLessThenFiveCharPwd status=SUCCESS method=RegisterTest.verifyErrorOnLessThenFiveCharPwd(java.lang.reflect.Method)[pri:8, instance:com.bookkeeper.testCases.RegisterTest@32cb636e] output={null}]]]>
              </value>
            </param>
          </params>
          <reporter-output>
          </reporter-output>
        </test-method> <!-- tearDown -->
        <test-method status="PASS" signature="verifyErrorOnBlankPassword(java.lang.reflect.Method)[pri:9, instance:com.bookkeeper.testCases.RegisterTest@32cb636e]" name="verifyErrorOnBlankPassword" duration-ms="2018" started-at="2021-08-14T23:50:18 IST" finished-at="2021-08-14T23:50:20 IST">
          <params>
            <param index="0">
              <value>
                <![CDATA[public void com.bookkeeper.testCases.RegisterTest.verifyErrorOnBlankPassword(java.lang.reflect.Method)]]>
              </value>
            </param>
          </params>
          <reporter-output>
          </reporter-output>
        </test-method> <!-- verifyErrorOnBlankPassword -->
        <test-method status="PASS" signature="tearDown(org.testng.ITestResult)[pri:0, instance:com.bookkeeper.testCases.RegisterTest@32cb636e]" name="tearDown" is-config="true" duration-ms="5013" started-at="2021-08-14T23:50:20 IST" finished-at="2021-08-14T23:50:25 IST">
          <params>
            <param index="0">
              <value>
                <![CDATA[[TestResult name=verifyErrorOnBlankPassword status=SUCCESS method=RegisterTest.verifyErrorOnBlankPassword(java.lang.reflect.Method)[pri:9, instance:com.bookkeeper.testCases.RegisterTest@32cb636e] output={null}]]]>
              </value>
            </param>
          </params>
          <reporter-output>
          </reporter-output>
        </test-method> <!-- tearDown -->
        <test-method status="PASS" signature="verifyErrorOnNumricPassword(java.lang.reflect.Method)[pri:10, instance:com.bookkeeper.testCases.RegisterTest@32cb636e]" name="verifyErrorOnNumricPassword" duration-ms="774" started-at="2021-08-14T23:50:25 IST" finished-at="2021-08-14T23:50:26 IST">
          <params>
            <param index="0">
              <value>
                <![CDATA[public void com.bookkeeper.testCases.RegisterTest.verifyErrorOnNumricPassword(java.lang.reflect.Method)]]>
              </value>
            </param>
          </params>
          <reporter-output>
          </reporter-output>
        </test-method> <!-- verifyErrorOnNumricPassword -->
        <test-method status="PASS" signature="tearDown(org.testng.ITestResult)[pri:0, instance:com.bookkeeper.testCases.RegisterTest@32cb636e]" name="tearDown" is-config="true" duration-ms="5011" started-at="2021-08-14T23:50:26 IST" finished-at="2021-08-14T23:50:31 IST">
          <params>
            <param index="0">
              <value>
                <![CDATA[[TestResult name=verifyErrorOnNumricPassword status=SUCCESS method=RegisterTest.verifyErrorOnNumricPassword(java.lang.reflect.Method)[pri:10, instance:com.bookkeeper.testCases.RegisterTest@32cb636e] output={null}]]]>
              </value>
            </param>
          </params>
          <reporter-output>
          </reporter-output>
        </test-method> <!-- tearDown -->
        <test-method status="PASS" signature="verifyErrorOnOnlyAlphabeticCharPassword(java.lang.reflect.Method)[pri:11, instance:com.bookkeeper.testCases.RegisterTest@32cb636e]" name="verifyErrorOnOnlyAlphabeticCharPassword" duration-ms="3303" started-at="2021-08-14T23:50:31 IST" finished-at="2021-08-14T23:50:34 IST">
          <params>
            <param index="0">
              <value>
                <![CDATA[public void com.bookkeeper.testCases.RegisterTest.verifyErrorOnOnlyAlphabeticCharPassword(java.lang.reflect.Method)]]>
              </value>
            </param>
          </params>
          <reporter-output>
          </reporter-output>
        </test-method> <!-- verifyErrorOnOnlyAlphabeticCharPassword -->
        <test-method status="PASS" signature="tearDown(org.testng.ITestResult)[pri:0, instance:com.bookkeeper.testCases.RegisterTest@32cb636e]" name="tearDown" is-config="true" duration-ms="5014" started-at="2021-08-14T23:50:34 IST" finished-at="2021-08-14T23:50:39 IST">
          <params>
            <param index="0">
              <value>
                <![CDATA[[TestResult name=verifyErrorOnOnlyAlphabeticCharPassword status=SUCCESS method=RegisterTest.verifyErrorOnOnlyAlphabeticCharPassword(java.lang.reflect.Method)[pri:11, instance:com.bookkeeper.testCases.RegisterTest@32cb636e] output={null}]]]>
              </value>
            </param>
          </params>
          <reporter-output>
          </reporter-output>
        </test-method> <!-- tearDown -->
        <test-method status="PASS" signature="verifyErrorOnOnlySplCharPassword(java.lang.reflect.Method)[pri:12, instance:com.bookkeeper.testCases.RegisterTest@32cb636e]" name="verifyErrorOnOnlySplCharPassword" duration-ms="2340" started-at="2021-08-14T23:50:39 IST" finished-at="2021-08-14T23:50:41 IST">
          <params>
            <param index="0">
              <value>
                <![CDATA[public void com.bookkeeper.testCases.RegisterTest.verifyErrorOnOnlySplCharPassword(java.lang.reflect.Method)]]>
              </value>
            </param>
          </params>
          <reporter-output>
          </reporter-output>
        </test-method> <!-- verifyErrorOnOnlySplCharPassword -->
        <test-method status="PASS" signature="tearDown(org.testng.ITestResult)[pri:0, instance:com.bookkeeper.testCases.RegisterTest@32cb636e]" name="tearDown" is-config="true" duration-ms="5015" started-at="2021-08-14T23:50:41 IST" finished-at="2021-08-14T23:50:46 IST">
          <params>
            <param index="0">
              <value>
                <![CDATA[[TestResult name=verifyErrorOnOnlySplCharPassword status=SUCCESS method=RegisterTest.verifyErrorOnOnlySplCharPassword(java.lang.reflect.Method)[pri:12, instance:com.bookkeeper.testCases.RegisterTest@32cb636e] output={null}]]]>
              </value>
            </param>
          </params>
          <reporter-output>
          </reporter-output>
        </test-method> <!-- tearDown -->
        <test-method status="PASS" signature="verifyErrorOnUnagreedTerms(java.lang.reflect.Method)[pri:13, instance:com.bookkeeper.testCases.RegisterTest@32cb636e]" name="verifyErrorOnUnagreedTerms" duration-ms="2255" started-at="2021-08-14T23:50:46 IST" finished-at="2021-08-14T23:50:49 IST">
          <params>
            <param index="0">
              <value>
                <![CDATA[public void com.bookkeeper.testCases.RegisterTest.verifyErrorOnUnagreedTerms(java.lang.reflect.Method)]]>
              </value>
            </param>
          </params>
          <reporter-output>
          </reporter-output>
        </test-method> <!-- verifyErrorOnUnagreedTerms -->
        <test-method status="PASS" signature="tearDown(org.testng.ITestResult)[pri:0, instance:com.bookkeeper.testCases.RegisterTest@32cb636e]" name="tearDown" is-config="true" duration-ms="5004" started-at="2021-08-14T23:50:49 IST" finished-at="2021-08-14T23:50:54 IST">
          <params>
            <param index="0">
              <value>
                <![CDATA[[TestResult name=verifyErrorOnUnagreedTerms status=SUCCESS method=RegisterTest.verifyErrorOnUnagreedTerms(java.lang.reflect.Method)[pri:13, instance:com.bookkeeper.testCases.RegisterTest@32cb636e] output={null}]]]>
              </value>
            </param>
          </params>
          <reporter-output>
          </reporter-output>
        </test-method> <!-- tearDown -->
        <test-method status="PASS" signature="verifyErrorOnTestName(java.lang.reflect.Method)[pri:14, instance:com.bookkeeper.testCases.RegisterTest@32cb636e]" name="verifyErrorOnTestName" duration-ms="2174" started-at="2021-08-14T23:50:54 IST" finished-at="2021-08-14T23:50:56 IST">
          <params>
            <param index="0">
              <value>
                <![CDATA[public void com.bookkeeper.testCases.RegisterTest.verifyErrorOnTestName(java.lang.reflect.Method)]]>
              </value>
            </param>
          </params>
          <reporter-output>
          </reporter-output>
        </test-method> <!-- verifyErrorOnTestName -->
        <test-method status="PASS" signature="tearDown(org.testng.ITestResult)[pri:0, instance:com.bookkeeper.testCases.RegisterTest@32cb636e]" name="tearDown" is-config="true" duration-ms="5013" started-at="2021-08-14T23:50:56 IST" finished-at="2021-08-14T23:51:01 IST">
          <params>
            <param index="0">
              <value>
                <![CDATA[[TestResult name=verifyErrorOnTestName status=SUCCESS method=RegisterTest.verifyErrorOnTestName(java.lang.reflect.Method)[pri:14, instance:com.bookkeeper.testCases.RegisterTest@32cb636e] output={null}]]]>
              </value>
            </param>
          </params>
          <reporter-output>
          </reporter-output>
        </test-method> <!-- tearDown -->
        <test-method status="PASS" signature="endReport()[pri:0, instance:com.bookkeeper.testCases.RegisterTest@32cb636e]" name="endReport" is-config="true" duration-ms="1230" started-at="2021-08-14T23:51:01 IST" finished-at="2021-08-14T23:51:02 IST">
          <reporter-output>
          </reporter-output>
        </test-method> <!-- endReport -->
      </class> <!-- com.bookkeeper.testCases.RegisterTest -->
    </test> <!-- Test2 -->
  </suite> <!-- Tests -->
</testng-results>
