<?xml version="1.0" encoding="UTF-8"?>
<testng-results skipped="0" failed="0" ignored="1" total="14" passed="13">
  <reporter-output>
  </reporter-output>
  <suite name="Default suite" duration-ms="113444" started-at="2021-08-14T22:50:47 IST" finished-at="2021-08-14T22:52:41 IST">
    <groups>
    </groups>
    <test name="Default test" duration-ms="113444" started-at="2021-08-14T22:50:47 IST" finished-at="2021-08-14T22:52:41 IST">
      <class name="com.bookkeeper.testCases.RegisterTest">
        <test-method status="PASS" signature="setLog4j()[pri:0, instance:com.bookkeeper.testCases.RegisterTest@33c7e1bb]" name="setLog4j" is-config="true" duration-ms="120" started-at="2021-08-14T22:50:47 IST" finished-at="2021-08-14T22:50:47 IST">
          <reporter-output>
          </reporter-output>
        </test-method> <!-- setLog4j -->
        <test-method status="PASS" signature="setUp()[pri:0, instance:com.bookkeeper.testCases.RegisterTest@33c7e1bb]" name="setUp" is-config="true" duration-ms="17098" started-at="2021-08-14T22:50:47 IST" finished-at="2021-08-14T22:51:05 IST">
          <reporter-output>
          </reporter-output>
        </test-method> <!-- setUp -->
        <test-method status="PASS" signature="verifyPageTitle(java.lang.reflect.Method)[pri:1, instance:com.bookkeeper.testCases.RegisterTest@33c7e1bb]" name="verifyPageTitle" duration-ms="17" started-at="2021-08-14T22:51:05 IST" finished-at="2021-08-14T22:51:05 IST">
          <params>
            <param index="0">
              <value>
                <![CDATA[public void com.bookkeeper.testCases.RegisterTest.verifyPageTitle(java.lang.reflect.Method)]]>
              </value>
            </param>
          </params>
          <reporter-output>
          </reporter-output>
        </test-method> <!-- verifyPageTitle -->
        <test-method status="PASS" signature="tearDown(org.testng.ITestResult)[pri:0, instance:com.bookkeeper.testCases.RegisterTest@33c7e1bb]" name="tearDown" is-config="true" duration-ms="5005" started-at="2021-08-14T22:51:05 IST" finished-at="2021-08-14T22:51:10 IST">
          <params>
            <param index="0">
              <value>
                <![CDATA[[TestResult name=verifyPageTitle status=SUCCESS method=RegisterTest.verifyPageTitle(java.lang.reflect.Method)[pri:1, instance:com.bookkeeper.testCases.RegisterTest@33c7e1bb] output={null}]]]>
              </value>
            </param>
          </params>
          <reporter-output>
          </reporter-output>
        </test-method> <!-- tearDown -->
        <test-method status="PASS" signature="verifyErrorOnBlankName(java.lang.reflect.Method)[pri:2, instance:com.bookkeeper.testCases.RegisterTest@33c7e1bb]" name="verifyErrorOnBlankName" duration-ms="2480" started-at="2021-08-14T22:51:10 IST" finished-at="2021-08-14T22:51:12 IST">
          <params>
            <param index="0">
              <value>
                <![CDATA[public void com.bookkeeper.testCases.RegisterTest.verifyErrorOnBlankName(java.lang.reflect.Method)]]>
              </value>
            </param>
          </params>
          <reporter-output>
          </reporter-output>
        </test-method> <!-- verifyErrorOnBlankName -->
        <test-method status="PASS" signature="tearDown(org.testng.ITestResult)[pri:0, instance:com.bookkeeper.testCases.RegisterTest@33c7e1bb]" name="tearDown" is-config="true" duration-ms="5008" started-at="2021-08-14T22:51:12 IST" finished-at="2021-08-14T22:51:17 IST">
          <params>
            <param index="0">
              <value>
                <![CDATA[[TestResult name=verifyErrorOnBlankName status=SUCCESS method=RegisterTest.verifyErrorOnBlankName(java.lang.reflect.Method)[pri:2, instance:com.bookkeeper.testCases.RegisterTest@33c7e1bb] output={null}]]]>
              </value>
            </param>
          </params>
          <reporter-output>
          </reporter-output>
        </test-method> <!-- tearDown -->
        <test-method status="PASS" signature="verifyErrorOnBlankSpaceInName(java.lang.reflect.Method)[pri:3, instance:com.bookkeeper.testCases.RegisterTest@33c7e1bb]" name="verifyErrorOnBlankSpaceInName" duration-ms="2386" started-at="2021-08-14T22:51:17 IST" finished-at="2021-08-14T22:51:19 IST">
          <params>
            <param index="0">
              <value>
                <![CDATA[public void com.bookkeeper.testCases.RegisterTest.verifyErrorOnBlankSpaceInName(java.lang.reflect.Method)]]>
              </value>
            </param>
          </params>
          <reporter-output>
          </reporter-output>
        </test-method> <!-- verifyErrorOnBlankSpaceInName -->
        <test-method status="PASS" signature="tearDown(org.testng.ITestResult)[pri:0, instance:com.bookkeeper.testCases.RegisterTest@33c7e1bb]" name="tearDown" is-config="true" duration-ms="5012" started-at="2021-08-14T22:51:19 IST" finished-at="2021-08-14T22:51:25 IST">
          <params>
            <param index="0">
              <value>
                <![CDATA[[TestResult name=verifyErrorOnBlankSpaceInName status=SUCCESS method=RegisterTest.verifyErrorOnBlankSpaceInName(java.lang.reflect.Method)[pri:3, instance:com.bookkeeper.testCases.RegisterTest@33c7e1bb] output={null}]]]>
              </value>
            </param>
          </params>
          <reporter-output>
          </reporter-output>
        </test-method> <!-- tearDown -->
        <test-method status="PASS" signature="verifyErrorOnlyNumricInName(java.lang.reflect.Method)[pri:4, instance:com.bookkeeper.testCases.RegisterTest@33c7e1bb]" name="verifyErrorOnlyNumricInName" duration-ms="2425" started-at="2021-08-14T22:51:25 IST" finished-at="2021-08-14T22:51:27 IST">
          <params>
            <param index="0">
              <value>
                <![CDATA[public void com.bookkeeper.testCases.RegisterTest.verifyErrorOnlyNumricInName(java.lang.reflect.Method)]]>
              </value>
            </param>
          </params>
          <reporter-output>
          </reporter-output>
        </test-method> <!-- verifyErrorOnlyNumricInName -->
        <test-method status="PASS" signature="tearDown(org.testng.ITestResult)[pri:0, instance:com.bookkeeper.testCases.RegisterTest@33c7e1bb]" name="tearDown" is-config="true" duration-ms="5004" started-at="2021-08-14T22:51:27 IST" finished-at="2021-08-14T22:51:32 IST">
          <params>
            <param index="0">
              <value>
                <![CDATA[[TestResult name=verifyErrorOnlyNumricInName status=SUCCESS method=RegisterTest.verifyErrorOnlyNumricInName(java.lang.reflect.Method)[pri:4, instance:com.bookkeeper.testCases.RegisterTest@33c7e1bb] output={null}]]]>
              </value>
            </param>
          </params>
          <reporter-output>
          </reporter-output>
        </test-method> <!-- tearDown -->
        <test-method status="PASS" signature="verifyErrorOnBlankEmail(java.lang.reflect.Method)[pri:5, instance:com.bookkeeper.testCases.RegisterTest@33c7e1bb]" name="verifyErrorOnBlankEmail" duration-ms="2130" started-at="2021-08-14T22:51:32 IST" finished-at="2021-08-14T22:51:34 IST">
          <params>
            <param index="0">
              <value>
                <![CDATA[public void com.bookkeeper.testCases.RegisterTest.verifyErrorOnBlankEmail(java.lang.reflect.Method)]]>
              </value>
            </param>
          </params>
          <reporter-output>
          </reporter-output>
        </test-method> <!-- verifyErrorOnBlankEmail -->
        <test-method status="PASS" signature="tearDown(org.testng.ITestResult)[pri:0, instance:com.bookkeeper.testCases.RegisterTest@33c7e1bb]" name="tearDown" is-config="true" duration-ms="5001" started-at="2021-08-14T22:51:34 IST" finished-at="2021-08-14T22:51:39 IST">
          <params>
            <param index="0">
              <value>
                <![CDATA[[TestResult name=verifyErrorOnBlankEmail status=SUCCESS method=RegisterTest.verifyErrorOnBlankEmail(java.lang.reflect.Method)[pri:5, instance:com.bookkeeper.testCases.RegisterTest@33c7e1bb] output={null}]]]>
              </value>
            </param>
          </params>
          <reporter-output>
          </reporter-output>
        </test-method> <!-- tearDown -->
        <test-method status="PASS" signature="verifyErrorOnBlankSpaceInEmail(java.lang.reflect.Method)[pri:6, instance:com.bookkeeper.testCases.RegisterTest@33c7e1bb]" name="verifyErrorOnBlankSpaceInEmail" duration-ms="2379" started-at="2021-08-14T22:51:39 IST" finished-at="2021-08-14T22:51:41 IST">
          <params>
            <param index="0">
              <value>
                <![CDATA[public void com.bookkeeper.testCases.RegisterTest.verifyErrorOnBlankSpaceInEmail(java.lang.reflect.Method)]]>
              </value>
            </param>
          </params>
          <reporter-output>
          </reporter-output>
        </test-method> <!-- verifyErrorOnBlankSpaceInEmail -->
        <test-method status="PASS" signature="tearDown(org.testng.ITestResult)[pri:0, instance:com.bookkeeper.testCases.RegisterTest@33c7e1bb]" name="tearDown" is-config="true" duration-ms="5016" started-at="2021-08-14T22:51:41 IST" finished-at="2021-08-14T22:51:46 IST">
          <params>
            <param index="0">
              <value>
                <![CDATA[[TestResult name=verifyErrorOnBlankSpaceInEmail status=SUCCESS method=RegisterTest.verifyErrorOnBlankSpaceInEmail(java.lang.reflect.Method)[pri:6, instance:com.bookkeeper.testCases.RegisterTest@33c7e1bb] output={null}]]]>
              </value>
            </param>
          </params>
          <reporter-output>
          </reporter-output>
        </test-method> <!-- tearDown -->
        <test-method status="PASS" signature="verifyErrorOnLessThenFiveCharPwd(java.lang.reflect.Method)[pri:8, instance:com.bookkeeper.testCases.RegisterTest@33c7e1bb]" name="verifyErrorOnLessThenFiveCharPwd" duration-ms="699" started-at="2021-08-14T22:51:46 IST" finished-at="2021-08-14T22:51:47 IST">
          <params>
            <param index="0">
              <value>
                <![CDATA[public void com.bookkeeper.testCases.RegisterTest.verifyErrorOnLessThenFiveCharPwd(java.lang.reflect.Method)]]>
              </value>
            </param>
          </params>
          <reporter-output>
          </reporter-output>
        </test-method> <!-- verifyErrorOnLessThenFiveCharPwd -->
        <test-method status="PASS" signature="tearDown(org.testng.ITestResult)[pri:0, instance:com.bookkeeper.testCases.RegisterTest@33c7e1bb]" name="tearDown" is-config="true" duration-ms="5010" started-at="2021-08-14T22:51:47 IST" finished-at="2021-08-14T22:51:52 IST">
          <params>
            <param index="0">
              <value>
                <![CDATA[[TestResult name=verifyErrorOnLessThenFiveCharPwd status=SUCCESS method=RegisterTest.verifyErrorOnLessThenFiveCharPwd(java.lang.reflect.Method)[pri:8, instance:com.bookkeeper.testCases.RegisterTest@33c7e1bb] output={null}]]]>
              </value>
            </param>
          </params>
          <reporter-output>
          </reporter-output>
        </test-method> <!-- tearDown -->
        <test-method status="PASS" signature="verifyErrorOnBlankPassword(java.lang.reflect.Method)[pri:9, instance:com.bookkeeper.testCases.RegisterTest@33c7e1bb]" name="verifyErrorOnBlankPassword" duration-ms="2384" started-at="2021-08-14T22:51:52 IST" finished-at="2021-08-14T22:51:55 IST">
          <params>
            <param index="0">
              <value>
                <![CDATA[public void com.bookkeeper.testCases.RegisterTest.verifyErrorOnBlankPassword(java.lang.reflect.Method)]]>
              </value>
            </param>
          </params>
          <reporter-output>
          </reporter-output>
        </test-method> <!-- verifyErrorOnBlankPassword -->
        <test-method status="PASS" signature="tearDown(org.testng.ITestResult)[pri:0, instance:com.bookkeeper.testCases.RegisterTest@33c7e1bb]" name="tearDown" is-config="true" duration-ms="5002" started-at="2021-08-14T22:51:55 IST" finished-at="2021-08-14T22:52:00 IST">
          <params>
            <param index="0">
              <value>
                <![CDATA[[TestResult name=verifyErrorOnBlankPassword status=SUCCESS method=RegisterTest.verifyErrorOnBlankPassword(java.lang.reflect.Method)[pri:9, instance:com.bookkeeper.testCases.RegisterTest@33c7e1bb] output={null}]]]>
              </value>
            </param>
          </params>
          <reporter-output>
          </reporter-output>
        </test-method> <!-- tearDown -->
        <test-method status="PASS" signature="verifyErrorOnNumricPassword(java.lang.reflect.Method)[pri:10, instance:com.bookkeeper.testCases.RegisterTest@33c7e1bb]" name="verifyErrorOnNumricPassword" duration-ms="2487" started-at="2021-08-14T22:52:00 IST" finished-at="2021-08-14T22:52:02 IST">
          <params>
            <param index="0">
              <value>
                <![CDATA[public void com.bookkeeper.testCases.RegisterTest.verifyErrorOnNumricPassword(java.lang.reflect.Method)]]>
              </value>
            </param>
          </params>
          <reporter-output>
          </reporter-output>
        </test-method> <!-- verifyErrorOnNumricPassword -->
        <test-method status="PASS" signature="tearDown(org.testng.ITestResult)[pri:0, instance:com.bookkeeper.testCases.RegisterTest@33c7e1bb]" name="tearDown" is-config="true" duration-ms="5011" started-at="2021-08-14T22:52:02 IST" finished-at="2021-08-14T22:52:07 IST">
          <params>
            <param index="0">
              <value>
                <![CDATA[[TestResult name=verifyErrorOnNumricPassword status=SUCCESS method=RegisterTest.verifyErrorOnNumricPassword(java.lang.reflect.Method)[pri:10, instance:com.bookkeeper.testCases.RegisterTest@33c7e1bb] output={null}]]]>
              </value>
            </param>
          </params>
          <reporter-output>
          </reporter-output>
        </test-method> <!-- tearDown -->
        <test-method status="PASS" signature="verifyErrorOnOnlyAlphabeticCharPassword(java.lang.reflect.Method)[pri:11, instance:com.bookkeeper.testCases.RegisterTest@33c7e1bb]" name="verifyErrorOnOnlyAlphabeticCharPassword" duration-ms="3063" started-at="2021-08-14T22:52:07 IST" finished-at="2021-08-14T22:52:10 IST">
          <params>
            <param index="0">
              <value>
                <![CDATA[public void com.bookkeeper.testCases.RegisterTest.verifyErrorOnOnlyAlphabeticCharPassword(java.lang.reflect.Method)]]>
              </value>
            </param>
          </params>
          <reporter-output>
          </reporter-output>
        </test-method> <!-- verifyErrorOnOnlyAlphabeticCharPassword -->
        <test-method status="PASS" signature="tearDown(org.testng.ITestResult)[pri:0, instance:com.bookkeeper.testCases.RegisterTest@33c7e1bb]" name="tearDown" is-config="true" duration-ms="5015" started-at="2021-08-14T22:52:10 IST" finished-at="2021-08-14T22:52:15 IST">
          <params>
            <param index="0">
              <value>
                <![CDATA[[TestResult name=verifyErrorOnOnlyAlphabeticCharPassword status=SUCCESS method=RegisterTest.verifyErrorOnOnlyAlphabeticCharPassword(java.lang.reflect.Method)[pri:11, instance:com.bookkeeper.testCases.RegisterTest@33c7e1bb] output={null}]]]>
              </value>
            </param>
          </params>
          <reporter-output>
          </reporter-output>
        </test-method> <!-- tearDown -->
        <test-method status="PASS" signature="verifyErrorOnOnlySplCharPassword(java.lang.reflect.Method)[pri:12, instance:com.bookkeeper.testCases.RegisterTest@33c7e1bb]" name="verifyErrorOnOnlySplCharPassword" duration-ms="2721" started-at="2021-08-14T22:52:15 IST" finished-at="2021-08-14T22:52:18 IST">
          <params>
            <param index="0">
              <value>
                <![CDATA[public void com.bookkeeper.testCases.RegisterTest.verifyErrorOnOnlySplCharPassword(java.lang.reflect.Method)]]>
              </value>
            </param>
          </params>
          <reporter-output>
          </reporter-output>
        </test-method> <!-- verifyErrorOnOnlySplCharPassword -->
        <test-method status="PASS" signature="tearDown(org.testng.ITestResult)[pri:0, instance:com.bookkeeper.testCases.RegisterTest@33c7e1bb]" name="tearDown" is-config="true" duration-ms="5009" started-at="2021-08-14T22:52:18 IST" finished-at="2021-08-14T22:52:23 IST">
          <params>
            <param index="0">
              <value>
                <![CDATA[[TestResult name=verifyErrorOnOnlySplCharPassword status=SUCCESS method=RegisterTest.verifyErrorOnOnlySplCharPassword(java.lang.reflect.Method)[pri:12, instance:com.bookkeeper.testCases.RegisterTest@33c7e1bb] output={null}]]]>
              </value>
            </param>
          </params>
          <reporter-output>
          </reporter-output>
        </test-method> <!-- tearDown -->
        <test-method status="PASS" signature="verifyErrorOnUnagreedTerms(java.lang.reflect.Method)[pri:13, instance:com.bookkeeper.testCases.RegisterTest@33c7e1bb]" name="verifyErrorOnUnagreedTerms" duration-ms="2663" started-at="2021-08-14T22:52:23 IST" finished-at="2021-08-14T22:52:26 IST">
          <params>
            <param index="0">
              <value>
                <![CDATA[public void com.bookkeeper.testCases.RegisterTest.verifyErrorOnUnagreedTerms(java.lang.reflect.Method)]]>
              </value>
            </param>
          </params>
          <reporter-output>
          </reporter-output>
        </test-method> <!-- verifyErrorOnUnagreedTerms -->
        <test-method status="PASS" signature="tearDown(org.testng.ITestResult)[pri:0, instance:com.bookkeeper.testCases.RegisterTest@33c7e1bb]" name="tearDown" is-config="true" duration-ms="5014" started-at="2021-08-14T22:52:26 IST" finished-at="2021-08-14T22:52:31 IST">
          <params>
            <param index="0">
              <value>
                <![CDATA[[TestResult name=verifyErrorOnUnagreedTerms status=SUCCESS method=RegisterTest.verifyErrorOnUnagreedTerms(java.lang.reflect.Method)[pri:13, instance:com.bookkeeper.testCases.RegisterTest@33c7e1bb] output={null}]]]>
              </value>
            </param>
          </params>
          <reporter-output>
          </reporter-output>
        </test-method> <!-- tearDown -->
        <test-method status="PASS" signature="verifyErrorOnTestName(java.lang.reflect.Method)[pri:14, instance:com.bookkeeper.testCases.RegisterTest@33c7e1bb]" name="verifyErrorOnTestName" duration-ms="2640" started-at="2021-08-14T22:52:31 IST" finished-at="2021-08-14T22:52:33 IST">
          <params>
            <param index="0">
              <value>
                <![CDATA[public void com.bookkeeper.testCases.RegisterTest.verifyErrorOnTestName(java.lang.reflect.Method)]]>
              </value>
            </param>
          </params>
          <reporter-output>
          </reporter-output>
        </test-method> <!-- verifyErrorOnTestName -->
        <test-method status="PASS" signature="tearDown(org.testng.ITestResult)[pri:0, instance:com.bookkeeper.testCases.RegisterTest@33c7e1bb]" name="tearDown" is-config="true" duration-ms="5004" started-at="2021-08-14T22:52:33 IST" finished-at="2021-08-14T22:52:38 IST">
          <params>
            <param index="0">
              <value>
                <![CDATA[[TestResult name=verifyErrorOnTestName status=SUCCESS method=RegisterTest.verifyErrorOnTestName(java.lang.reflect.Method)[pri:14, instance:com.bookkeeper.testCases.RegisterTest@33c7e1bb] output={null}]]]>
              </value>
            </param>
          </params>
          <reporter-output>
          </reporter-output>
        </test-method> <!-- tearDown -->
        <test-method status="PASS" signature="endReport()[pri:0, instance:com.bookkeeper.testCases.RegisterTest@33c7e1bb]" name="endReport" is-config="true" duration-ms="2584" started-at="2021-08-14T22:52:38 IST" finished-at="2021-08-14T22:52:41 IST">
          <reporter-output>
          </reporter-output>
        </test-method> <!-- endReport -->
      </class> <!-- com.bookkeeper.testCases.RegisterTest -->
    </test> <!-- Default test -->
  </suite> <!-- Default suite -->
</testng-results>
